<?xml version="1.0" encoding="UTF-8"?>
<!-- Generated by org.testng.reporters.JUnitXMLReporter -->
<testsuite ignored="2" hostname="DESKTOP-DNPC8RQ" failures="0" tests="1" name="Test-chrome" time="322.668" errors="0" timestamp="2024-06-22T16:49:41 IST">
  <testcase classname="com.crm.contactTest.CreateContactTest" name="createContactWithOrganization" time="64.25"/>
  <testcase classname="com.comCast.crm.generic.baseClassUtility.BaseClass" name="@BeforeSuite configBS" time="0.0">
    <ignored/>
  </testcase> <!-- @BeforeSuite configBS -->
  <testcase classname="com.comCast.crm.generic.baseClassUtility.BaseClass" name="@AfterSuite configAS" time="0.0">
    <ignored/>
  </testcase> <!-- @AfterSuite configAS -->
</testsuite> <!-- Test-chrome -->
