<?xml version="1.0" encoding="UTF-8"?>
<!-- Generated by org.testng.reporters.JUnitXMLReporter -->
<testsuite ignored="0" hostname="DESKTOP-DNPC8RQ" failures="0" tests="6" name="Test-1" time="180.503" errors="0" timestamp="2024-06-22T16:35:22 IST">
  <testcase classname="com.crm.orgTest.CreateOrganizationTest" name="craeteOrgTest" time="46.438"/>
  <testcase classname="com.crm.contactTest.CreateContactTest" name="createContact" time="49.106"/>
  <testcase classname="com.crm.orgTest.CreateOrganizationTest" name="createOrgWithIndustry" time="24.694"/>
  <testcase classname="com.crm.contactTest.CreateContactTest" name="createContactWithDates" time="26.684"/>
  <testcase classname="com.crm.orgTest.CreateOrganizationTest" name="createOrgWithTest" time="26.719"/>
  <testcase classname="com.crm.contactTest.CreateContactTest" name="createContactWithOrganization" time="46.242"/>
</testsuite> <!-- Test-1 -->
