<?xml version="1.0" encoding="UTF-8"?>
<!-- Generated by org.testng.reporters.JUnitReportReporter -->
<testsuite hostname="DESKTOP-DNPC8RQ" failures="0" tests="3" name="com.crm.testngPractice.DependsOnExample$PriorityEx" time="0.023" errors="0" timestamp="2024-06-10T11:22:42 IST" skipped="0">
  <testcase classname="com.crm.testngPractice.DependsOnExample$PriorityEx" name="createUser" time="0.017"/>
  <system-out/>
  <testcase classname="com.crm.testngPractice.DependsOnExample$PriorityEx" name="deleteUser" time="0.004"/>
  <system-out/>
  <testcase classname="com.crm.testngPractice.DependsOnExample$PriorityEx" name="modifyUser" time="0.002"/>
  <system-out/>
</testsuite> <!-- com.crm.testngPractice.DependsOnExample$PriorityEx -->
