<?xml version="1.0" encoding="UTF-8"?>
<!-- Generated by org.testng.reporters.JUnitReportReporter -->
<testsuite hostname="DESKTOP-DNPC8RQ" failures="0" tests="3" name="com.crm.testngPractice.AmazonProductsDataProvider" time="44.477" errors="0" timestamp="2024-06-11T13:10:56 IST" skipped="0">
  <testcase classname="com.crm.testngPractice.AmazonProductsDataProvider" name="productsInfo" time="13.046"/>
  <system-out/>
  <testcase classname="com.crm.testngPractice.AmazonProductsDataProvider" name="productsInfo" time="16.702"/>
  <system-out/>
  <testcase classname="com.crm.testngPractice.AmazonProductsDataProvider" name="productsInfo" time="14.729"/>
  <system-out/>
</testsuite> <!-- com.crm.testngPractice.AmazonProductsDataProvider -->
