<?xml version="1.0" encoding="UTF-8"?>
<!-- Generated by org.testng.reporters.JUnitReportReporter -->
<testsuite hostname="DESKTOP-DNPC8RQ" failures="0" tests="1" name="com.crm.contactTest.CreateContactWithSupportDateTest" time="35.884" errors="0" timestamp="2024-06-12T09:56:06 IST" skipped="0">
  <testcase classname="com.crm.contactTest.CreateContactWithSupportDateTest" name="createContactWithDates" time="35.884"/>
  <system-out/>
</testsuite> <!-- com.crm.contactTest.CreateContactWithSupportDateTest -->
