<?xml version="1.0" encoding="UTF-8"?>
<!-- Generated by org.testng.reporters.JUnitReportReporter -->
<testsuite hostname="DESKTOP-DNPC8RQ" failures="0" tests="1" name="com.crm.orgTest.CreateOrgWithIndustry" time="27.045" errors="0" timestamp="2024-06-11T17:51:34 IST" skipped="0">
  <testcase classname="com.crm.orgTest.CreateOrgWithIndustry" name="createOrgWithIndustry" time="27.045"/>
  <system-out/>
</testsuite> <!-- com.crm.orgTest.CreateOrgWithIndustry -->
