<?xml version="1.0" encoding="UTF-8"?>
<!-- Generated by org.testng.reporters.JUnitReportReporter -->
<testsuite hostname="DESKTOP-DNPC8RQ" failures="0" tests="1" name="com.crm.campagin.AutoHealingTestWithPom" time="9.656" errors="0" timestamp="2024-06-06T15:04:59 IST" skipped="0">
  <testcase classname="com.crm.campagin.AutoHealingTestWithPom" name="testSample" time="9.656"/>
  <system-out/>
</testsuite> <!-- com.crm.campagin.AutoHealingTestWithPom -->
