<?xml version="1.0" encoding="UTF-8"?>
<!-- Generated by org.testng.reporters.JUnitReportReporter -->
<testsuite hostname="DESKTOP-DNPC8RQ" failures="0" tests="1" name="com.comCast.crm.objectrepositoryutility.TestSample" time="0.018" errors="0" timestamp="2024-06-10T10:13:59 IST" skipped="0">
  <testcase classname="com.comCast.crm.objectrepositoryutility.TestSample" name="m1" time="0.018"/>
  <system-out/>
</testsuite> <!-- com.comCast.crm.objectrepositoryutility.TestSample -->
