<?xml version="1.0" encoding="UTF-8"?>
<!-- Generated by org.testng.reporters.JUnitReportReporter -->
<testsuite hostname="DESKTOP-DNPC8RQ" failures="0" tests="2" name="com.crm.testngPractice.ConfigurationExamples" time="0.027" errors="0" timestamp="2024-06-11T13:25:44 IST" skipped="0">
  <testcase classname="com.crm.testngPractice.ConfigurationExamples" name="createContact" time="0.017"/>
  <system-out/>
  <testcase classname="com.crm.testngPractice.ConfigurationExamples" name="createContactWithDate" time="0.010"/>
  <system-out/>
</testsuite> <!-- com.crm.testngPractice.ConfigurationExamples -->
