<?xml version="1.0" encoding="UTF-8"?>
<!-- Generated by org.testng.reporters.JUnitReportReporter -->
<testsuite hostname="DESKTOP-DNPC8RQ" failures="0" tests="1" name="com.crm.contactTest.CreateContactWithOrgName" time="44.519" errors="0" timestamp="2024-06-11T18:01:11 IST" skipped="0">
  <testcase classname="com.crm.contactTest.CreateContactWithOrgName" name="createContactWithOrganization" time="44.519"/>
  <system-out/>
</testsuite> <!-- com.crm.contactTest.CreateContactWithOrgName -->
