<?xml version="1.0" encoding="UTF-8"?>
<!-- Generated by org.testng.reporters.JUnitReportReporter -->
<testsuite hostname="DESKTOP-DNPC8RQ" failures="0" tests="4" name="com.crm.testngPractice.Practice" time="0.034" errors="0" timestamp="2024-06-10T12:50:35 IST" skipped="0">
  <testcase classname="com.crm.testngPractice.Practice" name="m2" time="0.015"/>
  <system-out/>
  <testcase classname="com.crm.testngPractice.Practice" name="m4" time="0.003"/>
  <system-out/>
  <testcase classname="com.crm.testngPractice.Practice" name="m1" time="0.014"/>
  <system-out/>
  <testcase classname="com.crm.testngPractice.Practice" name="m3" time="0.002"/>
  <system-out/>
</testsuite> <!-- com.crm.testngPractice.Practice -->
