<?xml version="1.0" encoding="UTF-8"?>
<!-- Generated by org.testng.reporters.JUnitReportReporter -->
<testsuite hostname="DESKTOP-DNPC8RQ" failures="0" tests="1" name="com.crm.orgTest.CreateOrgWithPhoneNumber" time="25.623" errors="0" timestamp="2024-06-11T17:50:27 IST" skipped="0">
  <testcase classname="com.crm.orgTest.CreateOrgWithPhoneNumber" name="createOrgWithTest" time="25.623"/>
  <system-out/>
</testsuite> <!-- com.crm.orgTest.CreateOrgWithPhoneNumber -->
