<?xml version="1.0" encoding="UTF-8"?>
<!-- Generated by org.testng.reporters.JUnitReportReporter -->
<testsuite hostname="DESKTOP-DNPC8RQ" failures="0" tests="4" name="com.crm.testngPractice.DependsEx3" time="0.024" errors="0" timestamp="2024-06-10T13:23:55 IST" skipped="0">
  <testcase classname="com.crm.testngPractice.DependsEx3" name="t4" time="0.002"/>
  <system-out/>
  <testcase classname="com.crm.testngPractice.DependsEx3" name="t2" time="0.003"/>
  <system-out/>
  <testcase classname="com.crm.testngPractice.DependsEx3" name="t3" time="0.004"/>
  <system-out/>
  <testcase classname="com.crm.testngPractice.DependsEx3" name="t1" time="0.015"/>
  <system-out/>
</testsuite> <!-- com.crm.testngPractice.DependsEx3 -->
