<?xml version="1.0" encoding="UTF-8"?>
<!-- Generated by org.testng.reporters.JUnitReportReporter -->
<testsuite hostname="DESKTOP-DNPC8RQ" failures="0" tests="1" name="com.crm.testngPractice.SampleScreenshot" time="9.857" errors="0" timestamp="2024-06-15T10:39:52 IST" skipped="0">
  <testcase classname="com.crm.testngPractice.SampleScreenshot" name="sample" time="9.857"/>
  <system-out/>
</testsuite> <!-- com.crm.testngPractice.SampleScreenshot -->
