<?xml version="1.0" encoding="UTF-8"?>
<!-- Generated by org.testng.reporters.JUnitReportReporter -->
<testsuite hostname="DESKTOP-DNPC8RQ" failures="0" tests="6" name="com.crm.testngPractice.DependsEx2" time="0.029" errors="0" timestamp="2024-06-10T12:08:49 IST" skipped="0">
  <testcase classname="com.crm.testngPractice.DependsEx2" name="verifyimage" time="0.003"/>
  <system-out/>
  <testcase classname="com.crm.testngPractice.DependsEx2" name="setup" time="0.014"/>
  <system-out/>
  <testcase classname="com.crm.testngPractice.DependsEx2" name="gotopage" time="0.003"/>
  <system-out/>
  <testcase classname="com.crm.testngPractice.DependsEx2" name="verifytitle" time="0.002"/>
  <system-out/>
  <testcase classname="com.crm.testngPractice.DependsEx2" name="login" time="0.005"/>
  <system-out/>
  <testcase classname="com.crm.testngPractice.DependsEx2" name="verifyhomepage" time="0.002"/>
  <system-out/>
</testsuite> <!-- com.crm.testngPractice.DependsEx2 -->
