<?xml version="1.0" encoding="UTF-8"?>
<!-- Generated by org.testng.reporters.JUnitReportReporter -->
<testsuite hostname="DESKTOP-DNPC8RQ" failures="0" tests="3" name="com.crm.testngPractice.PriorityEx" time="0.031" errors="0" timestamp="2024-06-10T09:34:27 IST" skipped="0">
  <testcase classname="com.crm.testngPractice.PriorityEx" name="createUser" time="0.014"/>
  <system-out/>
  <testcase classname="com.crm.testngPractice.PriorityEx" name="modifyUser" time="0.005"/>
  <system-out/>
  <testcase classname="com.crm.testngPractice.PriorityEx" name="deleteUser" time="0.012"/>
  <system-out/>
</testsuite> <!-- com.crm.testngPractice.PriorityEx -->
