<?xml version="1.0" encoding="UTF-8"?>
<!-- Generated by org.testng.reporters.JUnitReportReporter -->
<testsuite hostname="DESKTOP-DNPC8RQ" failures="0" tests="6" name="com.crm.testngPractice.DataProviderEx4" time="0.046" errors="0" timestamp="2024-06-20T10:13:28 IST" skipped="0">
  <testcase classname="com.crm.testngPractice.DataProviderEx4" name="createUser" time="0.005"/>
  <system-out/>
  <testcase classname="com.crm.testngPractice.DataProviderEx4" name="createUser" time="0.008"/>
  <system-out/>
  <testcase classname="com.crm.testngPractice.DataProviderEx4" name="createUser" time="0.003"/>
  <system-out/>
  <testcase classname="com.crm.testngPractice.DataProviderEx4" name="createUser" time="0.016"/>
  <system-out/>
  <testcase classname="com.crm.testngPractice.DataProviderEx4" name="createUser" time="0.009"/>
  <system-out/>
  <testcase classname="com.crm.testngPractice.DataProviderEx4" name="createUser" time="0.005"/>
  <system-out/>
</testsuite> <!-- com.crm.testngPractice.DataProviderEx4 -->
